INFO: Server started successfully
INFO: User login success
WARNING: High memory usage
ERROR: Database connection failed
INFO: Request processed
ERROR: API timeoutINFO: User login success
WARNING: High memory usage
INFO: User login success
INFO: User login success
INFO: User login success
ERROR: Database connection failed
INFO: User login success
ERROR: API timeout
WARNING: High memory usage
ERROR: API timeout
ERROR: API timeout
INFO: User login success
INFO: User login success
INFO: User login success
WARNING: High memory usage
INFO: User login success
ERROR: API timeout
WARNING: High memory usage
INFO: Request processed
WARNING: High memory usage
INFO: Server started successfully
INFO: Request processed
ERROR: API timeout
INFO: User login success
INFO: Server started successfully
WARNING: High memory usage
INFO: Request processed
WARNING: High memory usage
ERROR: Database connection failed
INFO: Server started successfully
ERROR: API timeout
ERROR: Database connection failed
INFO: User login success
INFO: Request processed
INFO: Server started successfully
INFO: Server started successfully
INFO: Request processed
INFO: Server started successfully
INFO: Request processed
INFO: Server started successfully
INFO: User login success
INFO: User login success
INFO: User login success
INFO: User login success
INFO: Request processed
INFO: Request processed
INFO: Server started successfully
ERROR: API timeout
INFO: Request processed
WARNING: High memory usage
INFO: User login success
INFO: User login success
INFO: User login success
ERROR: Database connection failed
INFO: Request processed
INFO: Server started successfully
ERROR: API timeout
INFO: Server started successfully
ERROR: API timeout
INFO: User login success
INFO: Request processed
ERROR: API timeout
ERROR: API timeout
INFO: User login success
ERROR: API timeout
INFO: Request processed
INFO: Server started successfully
INFO: User login success
ERROR: API timeout
